[INFO] Scanning for projects...
[INFO] 
[INFO] ----------------------< com.example:agencyadmin >-----------------------
[INFO] Building agencyadmin 0.0.1-SNAPSHOT
[INFO]   from pom.xml
[INFO] --------------------------------[ jar ]---------------------------------
[INFO] 
[INFO] --- clean:3.4.1:clean (default-clean) @ agencyadmin ---
[INFO] Deleting C:\Users\VICTUS\Desktop\Backend_Planning_Travyotei\agencyadmin\target
[INFO] 
[INFO] >>> spring-boot:3.5.7:run (default-cli) > test-compile @ agencyadmin >>>
[INFO] 
[INFO] --- resources:3.3.1:resources (default-resources) @ agencyadmin ---
[INFO] Copying 1 resource from src\main\resources to target\classes
[INFO] Copying 18 resources from src\main\resources to target\classes
[INFO] 
[INFO] --- compiler:3.14.1:compile (default-compile) @ agencyadmin ---
[INFO] Recompiling the module because of changed source code.
[INFO] Compiling 128 source files with javac [debug parameters release 17] to target\classes
[INFO] -------------------------------------------------------------
[ERROR] COMPILATION ERROR : 
[INFO] -------------------------------------------------------------
[ERROR] /C:/Users/VICTUS/Desktop/Backend_Planning_Travyotei/agencyadmin/src/main/java/com/example/agencyadmin/Controllers/ScheduleController.java:[249,9] cannot find symbol
  symbol:   variable log
  location: class com.example.agencyadmin.Controllers.ScheduleController
[ERROR] /C:/Users/VICTUS/Desktop/Backend_Planning_Travyotei/agencyadmin/src/main/java/com/example/agencyadmin/Controllers/ScheduleController.java:[251,9] cannot find symbol
  symbol:   variable log
  location: class com.example.agencyadmin.Controllers.ScheduleController
[INFO] 2 errors 
[INFO] -------------------------------------------------------------
[INFO] ------------------------------------------------------------------------
[INFO] BUILD FAILURE
[INFO] ------------------------------------------------------------------------
[INFO] Total time:  32.491 s
[INFO] Finished at: 2026-02-09T19:33:28+01:00
[INFO] ------------------------------------------------------------------------
[ERROR] Failed to execute goal org.apache.maven.plugins:maven-compiler-plugin:3.14.1:compile (default-compile) on project agencyadmin: Compilation failure: Compilation failure: 
[ERROR] /C:/Users/VICTUS/Desktop/Backend_Planning_Travyotei/agencyadmin/src/main/java/com/example/agencyadmin/Controllers/ScheduleController.java:[249,9] cannot find symbol
[ERROR]   symbol:   variable log
[ERROR]   location: class com.example.agencyadmin.Controllers.ScheduleController
[ERROR] /C:/Users/VICTUS/Desktop/Backend_Planning_Travyotei/agencyadmin/src/main/java/com/example/agencyadmin/Controllers/ScheduleController.java:[251,9] cannot find symbol
[ERROR]   symbol:   variable log
[ERROR]   location: class com.example.agencyadmin.Controllers.ScheduleController
[ERROR] -> [Help 1]
[ERROR] 
[ERROR] To see the full stack trace of the errors, re-run Maven with the -e switch.
[ERROR] Re-run Maven using the -X switch to enable full debug logging.
[ERROR] 
[ERROR] For more information about the errors and possible solutions, please read the following articles:
[ERROR] [Help 1] http://cwiki.apache.org/confluence/display/MAVEN/MojoFailureException
